# JRE version: OpenJDK Runtime Environment (17.0.10) (build 17.0.10+0--11572160)
# Java VM: OpenJDK 64-Bit Server VM (17.0.10+0--11572160, mixed mode, tiered, compressed oops, compressed class ptrs, g1 gc, windows-amd64)
GC Precious Log:
 CPUs: 12 total, 12 available
 Memory: 7913M
 Large Page Support: Disabled
 NUMA Support: Disabled
 Compressed Oops: Enabled (32-bit)
 Heap Region Size: 1M
 Heap Min Capacity: 8M
 Heap Initial Capacity: 124M
 Heap Max Capacity: 2G
 Pre-touch: Disabled
 Parallel Workers: 10
 Concurrent Workers: 3
 Concurrent Refinement Workers: 10
 Periodic GC: Disabled
Heap:
 garbage-first heap   total 156672K, used 116956K [0x0000000080000000, 0x0000000100000000)
  region size 1024K, 27 young (27648K), 4 survivors (4096K)
 Metaspace       used 98464K, committed 99200K, reserved 1179648K
  class space    used 13666K, committed 14016K, reserved 1048576K
GC Heap History (20 events):
Event: 26.358 GC heap before
{Heap before GC invocations=29 (full 0):
 garbage-first heap   total 156672K, used 117781K [0x0000000080000000, 0x0000000100000000)
  region size 1024K, 51 young (52224K), 6 survivors (6144K)
 Metaspace       used 72489K, committed 73152K, reserved 1114112K
  class space    used 9777K, committed 10112K, reserved 1048576K
}
Event: 26.370 GC heap after
{Heap after GC invocations=30 (full 0):
 garbage-first heap   total 156672K, used 74279K [0x0000000080000000, 0x0000000100000000)
  region size 1024K, 3 young (3072K), 3 survivors (3072K)
 Metaspace       used 72489K, committed 73152K, reserved 1114112K
  class space    used 9777K, committed 10112K, reserved 1048576K
}
Event: 28.208 GC heap before
{Heap before GC invocations=30 (full 0):
 garbage-first heap   total 156672K, used 124455K [0x0000000080000000, 0x0000000100000000)
  region size 1024K, 49 young (50176K), 3 survivors (3072K)
 Metaspace       used 77235K, committed 77888K, reserved 1179648K
  class space    used 10467K, committed 10816K, reserved 1048576K
}
Event: 28.218 GC heap after
{Heap after GC invocations=31 (full 0):
 garbage-first heap   total 156672K, used 80921K [0x0000000080000000, 0x0000000100000000)
  region size 1024K, 6 young (6144K), 6 survivors (6144K)
 Metaspace       used 77235K, committed 77888K, reserved 1179648K
  class space    used 10467K, committed 10816K, reserved 1048576K
}
Event: 29.796 GC heap before
{Heap before GC invocations=31 (full 0):
 garbage-first heap   total 156672K, used 123929K [0x0000000080000000, 0x0000000100000000)
  region size 1024K, 48 young (49152K), 6 survivors (6144K)
 Metaspace       used 80881K, committed 81536K, reserved 1179648K
  class space    used 10962K, committed 11264K, reserved 1048576K
}
Event: 29.809 GC heap after
{Heap after GC invocations=32 (full 0):
 garbage-first heap   total 156672K, used 83172K [0x0000000080000000, 0x0000000100000000)
  region size 1024K, 5 young (5120K), 5 survivors (5120K)
 Metaspace       used 80881K, committed 81536K, reserved 1179648K
  class space    used 10962K, committed 11264K, reserved 1048576K
}
Event: 31.533 GC heap before
{Heap before GC invocations=33 (full 0):
 garbage-first heap   total 156672K, used 126180K [0x0000000080000000, 0x0000000100000000)
  region size 1024K, 47 young (48128K), 5 survivors (5120K)
 Metaspace       used 81699K, committed 82368K, reserved 1179648K
  class space    used 11073K, committed 11392K, reserved 1048576K
}
Event: 31.547 GC heap after
{Heap after GC invocations=34 (full 0):
 garbage-first heap   total 156672K, used 87154K [0x0000000080000000, 0x0000000100000000)
  region size 1024K, 6 young (6144K), 6 survivors (6144K)
 Metaspace       used 81699K, committed 82368K, reserved 1179648K
  class space    used 11073K, committed 11392K, reserved 1048576K
}
Event: 32.939 GC heap before
{Heap before GC invocations=34 (full 0):
 garbage-first heap   total 156672K, used 127090K [0x0000000080000000, 0x0000000100000000)
  region size 1024K, 44 young (45056K), 6 survivors (6144K)
 Metaspace       used 84430K, committed 85184K, reserved 1179648K
  class space    used 11460K, committed 11840K, reserved 1048576K
}
Event: 32.949 GC heap after
{Heap after GC invocations=35 (full 0):
 garbage-first heap   total 156672K, used 89457K [0x0000000080000000, 0x0000000100000000)
  region size 1024K, 3 young (3072K), 3 survivors (3072K)
 Metaspace       used 84430K, committed 85184K, reserved 1179648K
  class space    used 11460K, committed 11840K, reserved 1048576K
}
Event: 34.483 GC heap before
{Heap before GC invocations=36 (full 0):
 garbage-first heap   total 156672K, used 127345K [0x0000000080000000, 0x0000000100000000)
  region size 1024K, 40 young (40960K), 3 survivors (3072K)
 Metaspace       used 87105K, committed 87808K, reserved 1179648K
  class space    used 11994K, committed 12352K, reserved 1048576K
}
Event: 34.489 GC heap after
{Heap after GC invocations=37 (full 0):
 garbage-first heap   total 156672K, used 89779K [0x0000000080000000, 0x0000000100000000)
  region size 1024K, 3 young (3072K), 3 survivors (3072K)
 Metaspace       used 87105K, committed 87808K, reserved 1179648K
  class space    used 11994K, committed 12352K, reserved 1048576K
}
Event: 34.645 GC heap before
{Heap before GC invocations=37 (full 0):
 garbage-first heap   total 156672K, used 93875K [0x0000000080000000, 0x0000000100000000)
  region size 1024K, 7 young (7168K), 3 survivors (3072K)
 Metaspace       used 87373K, committed 88128K, reserved 1179648K
  class space    used 12049K, committed 12416K, reserved 1048576K
}
Event: 34.651 GC heap after
{Heap after GC invocations=38 (full 0):
 garbage-first heap   total 156672K, used 89245K [0x0000000080000000, 0x0000000100000000)
  region size 1024K, 1 young (1024K), 1 survivors (1024K)
 Metaspace       used 87373K, committed 88128K, reserved 1179648K
  class space    used 12049K, committed 12416K, reserved 1048576K
}
Event: 36.164 GC heap before
{Heap before GC invocations=38 (full 0):
 garbage-first heap   total 156672K, used 129181K [0x0000000080000000, 0x0000000100000000)
  region size 1024K, 40 young (40960K), 1 survivors (1024K)
 Metaspace       used 90156K, committed 90816K, reserved 1179648K
  class space    used 12473K, committed 12800K, reserved 1048576K
}
Event: 36.170 GC heap after
{Heap after GC invocations=39 (full 0):
 garbage-first heap   total 156672K, used 90572K [0x0000000080000000, 0x0000000100000000)
  region size 1024K, 2 young (2048K), 2 survivors (2048K)
 Metaspace       used 90156K, committed 90816K, reserved 1179648K
  class space    used 12473K, committed 12800K, reserved 1048576K
}
Event: 37.915 GC heap before
{Heap before GC invocations=39 (full 0):
 garbage-first heap   total 156672K, used 130508K [0x0000000080000000, 0x0000000100000000)
  region size 1024K, 41 young (41984K), 2 survivors (2048K)
 Metaspace       used 93050K, committed 93824K, reserved 1179648K
  class space    used 12887K, committed 13248K, reserved 1048576K
}
Event: 37.924 GC heap after
{Heap after GC invocations=40 (full 0):
 garbage-first heap   total 156672K, used 92842K [0x0000000080000000, 0x0000000100000000)
  region size 1024K, 5 young (5120K), 5 survivors (5120K)
 Metaspace       used 93050K, committed 93824K, reserved 1179648K
  class space    used 12887K, committed 13248K, reserved 1048576K
}
Event: 39.263 GC heap before
{Heap before GC invocations=40 (full 0):
 garbage-first heap   total 156672K, used 130730K [0x0000000080000000, 0x0000000100000000)
  region size 1024K, 42 young (43008K), 5 survivors (5120K)
 Metaspace       used 95882K, committed 96640K, reserved 1179648K
  class space    used 13358K, committed 13696K, reserved 1048576K
}
Event: 39.273 GC heap after
{Heap after GC invocations=41 (full 0):
 garbage-first heap   total 156672K, used 94428K [0x0000000080000000, 0x0000000100000000)
  region size 1024K, 4 young (4096K), 4 survivors (4096K)
 Metaspace       used 95882K, committed 96640K, reserved 1179648K
  class space    used 13358K, committed 13696K, reserved 1048576K
}

